SF:c:\Desenv\xama_backup\XamaCore\BackupArchiveDetail.cs
FN:18,System.IO.FileSystemInfo XamaCore.BackupArchiveDetail::get_Info()
FNDA:0,System.IO.FileSystemInfo XamaCore.BackupArchiveDetail::get_Info()
DA:19,0
FN:20,XamaCore.BackupType XamaCore.BackupArchiveDetail::get_BackupType()
FNDA:0,XamaCore.BackupType XamaCore.BackupArchiveDetail::get_BackupType()
DA:21,0
FN:7,System.Void XamaCore.BackupArchiveDetail::.ctor()
FNDA:0,System.Void XamaCore.BackupArchiveDetail::.ctor()
DA:8,0
DA:9,0
DA:11,0
FN:12,System.Void XamaCore.BackupArchiveDetail::.ctor(System.IO.FileSystemInfo,XamaCore.BackupType)
FNDA:0,System.Void XamaCore.BackupArchiveDetail::.ctor(System.IO.FileSystemInfo,XamaCore.BackupType)
DA:13,0
DA:14,0
DA:15,0
DA:16,0
DA:17,0
LF:10
LH:0
BRF:0
BRH:0
FNF:4
FNH:0
end_of_record
SF:c:\Desenv\xama_backup\XamaCore\BackupFileHelper.cs
FN:46,XamaCore.BackupArchiveDetail XamaCore.BackupFileHelper::GetLastFull()
FNDA:0,XamaCore.BackupArchiveDetail XamaCore.BackupFileHelper::GetLastFull()
DA:47,0
DA:48,0
DA:49,0
FN:55,XamaCore.BackupArchiveDetail XamaCore.BackupFileHelper::GetLast()
FNDA:0,XamaCore.BackupArchiveDetail XamaCore.BackupFileHelper::GetLast()
DA:56,0
DA:57,0
DA:58,0
FN:69,System.String XamaCore.BackupFileHelper::GetFileName(System.String,System.String,System.String,XamaCore.Configs.ConfigTaskTypeEnum,XamaCore.BackupType)
FNDA:0,System.String XamaCore.BackupFileHelper::GetFileName(System.String,System.String,System.String,XamaCore.Configs.ConfigTaskTypeEnum,XamaCore.BackupType)
DA:70,0
DA:71,0
DA:72,0
FN:76,System.String XamaCore.BackupFileHelper::GetFileName(System.String,System.String,System.String,System.DateTime,XamaCore.Configs.ConfigTaskTypeEnum,XamaCore.BackupType)
FNDA:0,System.String XamaCore.BackupFileHelper::GetFileName(System.String,System.String,System.String,System.DateTime,XamaCore.Configs.ConfigTaskTypeEnum,XamaCore.BackupType)
DA:77,0
DA:78,0
DA:79,0
DA:80,0
DA:81,0
DA:82,0
DA:83,0
DA:84,0
DA:86,0
DA:87,0
DA:88,0
DA:89,0
DA:90,0
DA:91,0
DA:92,0
DA:93,0
DA:94,0
DA:95,0
DA:96,0
DA:97,0
DA:98,0
DA:99,0
DA:100,0
DA:101,0
DA:102,0
BRDA:79,21,0,0
BRDA:79,21,1,0
BRDA:83,42,0,0
BRDA:83,42,1,0
BRDA:88,74,0,0
BRDA:88,74,1,0
BRDA:92,95,0,0
BRDA:92,95,1,0
BRDA:96,116,0,0
BRDA:96,116,1,0
FN:105,System.Void XamaCore.BackupFileHelper::CheckPath()
FNDA:0,System.Void XamaCore.BackupFileHelper::CheckPath()
DA:106,0
DA:107,0
DA:108,0
DA:109,0
DA:110,0
DA:111,0
DA:112,0
DA:114,0
DA:115,0
DA:116,0
DA:117,0
DA:118,0
DA:119,0
DA:121,0
DA:122,0
DA:123,0
DA:124,0
DA:125,0
DA:126,0
DA:127,0
DA:128,0
BRDA:109,296,1,0
BRDA:114,166,0,0
BRDA:114,166,1,0
BRDA:109,296,0,0
FN:130,System.Void XamaCore.BackupFileHelper::CheckFilesToRemove()
FNDA:0,System.Void XamaCore.BackupFileHelper::CheckFilesToRemove()
DA:131,0
DA:133,0
DA:134,0
DA:135,0
DA:136,0
DA:138,0
DA:140,0
DA:141,0
DA:142,0
DA:143,0
DA:144,0
DA:145,0
DA:146,0
BRDA:133,17,0,0
BRDA:141,274,1,0
BRDA:141,274,0,0
BRDA:133,17,1,0
FN:152,XamaCore.BackupType XamaCore.BackupFileHelper::NextBackupShouldBe()
FNDA:0,XamaCore.BackupType XamaCore.BackupFileHelper::NextBackupShouldBe()
DA:153,0
DA:154,0
DA:155,0
DA:157,0
DA:158,0
DA:160,0
DA:161,0
BRDA:154,12,0,0
BRDA:154,12,1,0
BRDA:157,37,0,0
BRDA:157,37,1,0
FN:167,System.Void XamaCore.BackupFileHelper::ClearPath()
FNDA:0,System.Void XamaCore.BackupFileHelper::ClearPath()
DA:168,0
DA:169,0
DA:170,0
DA:171,0
DA:172,0
DA:173,0
BRDA:169,56,1,0
BRDA:169,56,0,0
FN:180,System.Collections.Generic.IList`1<System.IO.FileSystemInfo> XamaCore.BackupFileHelper::FilesToRemove()
FNDA:0,System.Collections.Generic.IList`1<System.IO.FileSystemInfo> XamaCore.BackupFileHelper::FilesToRemove()
DA:181,0
DA:182,0
DA:183,0
FN:189,System.Collections.Generic.IList`1<System.IO.FileSystemInfo> XamaCore.BackupFileHelper::Files()
FNDA:0,System.Collections.Generic.IList`1<System.IO.FileSystemInfo> XamaCore.BackupFileHelper::Files()
DA:190,0
DA:191,0
DA:192,0
FN:16,System.Void XamaCore.BackupFileHelper::.ctor(System.String,System.String,System.Int32,System.Int32)
FNDA:0,System.Void XamaCore.BackupFileHelper::.ctor(System.String,System.String,System.Int32,System.Int32)
DA:17,0
DA:18,0
DA:19,0
DA:20,0
DA:21,0
DA:32,0
DA:33,0
DA:34,0
DA:35,0
DA:36,0
DA:37,0
DA:38,0
DA:39,0
DA:40,0
LF:101
LH:0
BRF:24
BRH:0
FNF:11
FNH:0
end_of_record
SF:c:\Desenv\xama_backup\XamaCore\BackupProcessor.cs
FN:20,NLog.ILogger XamaCore.BackupProcessor::get__logger()
FNDA:0,NLog.ILogger XamaCore.BackupProcessor::get__logger()
DA:21,0
FN:30,XamaCore.Data.BackupInfo XamaCore.BackupProcessor::ProcessTask(XamaCore.Configs.ConfigTask)
FNDA:0,XamaCore.Data.BackupInfo XamaCore.BackupProcessor::ProcessTask(XamaCore.Configs.ConfigTask)
DA:31,0
DA:32,0
DA:33,0
FN:39,XamaCore.Data.BackupInfo XamaCore.BackupProcessor::ProcessTask(XamaCore.Configs.ConfigTask,XamaCore.Data.BackupInfo,XamaCore.BackupType)
FNDA:0,XamaCore.Data.BackupInfo XamaCore.BackupProcessor::ProcessTask(XamaCore.Configs.ConfigTask,XamaCore.Data.BackupInfo,XamaCore.BackupType)
DA:40,0
DA:42,0
DA:44,0
DA:45,0
DA:46,0
DA:47,0
DA:48,0
DA:49,0
DA:50,0
DA:51,0
DA:52,0
DA:53,0
DA:54,0
DA:55,0
DA:56,0
DA:57,0
DA:58,0
DA:59,0
DA:60,0
DA:61,0
DA:62,0
DA:63,0
DA:64,0
DA:66,0
DA:67,0
DA:68,0
DA:69,0
DA:71,0
BRDA:49,201,1,0
BRDA:49,201,0,0
FN:73,System.Void XamaCore.BackupProcessor::Clear()
FNDA:0,System.Void XamaCore.BackupProcessor::Clear()
DA:74,0
DA:75,0
DA:76,0
FN:79,System.Void XamaCore.BackupProcessor::OnFileCopied(XamaCore.Events.FileCopiedEventArgs)
FNDA:0,System.Void XamaCore.BackupProcessor::OnFileCopied(XamaCore.Events.FileCopiedEventArgs)
DA:80,0
DA:81,0
DA:82,0
BRDA:81,8,0,0
BRDA:81,8,1,0
FN:87,XamaCore.FileAction XamaCore.BackupProcessor::CheckActionForFile(XamaCore.Configs.ConfigPath,System.IO.FileSystemInfo)
FNDA:0,XamaCore.FileAction XamaCore.BackupProcessor::CheckActionForFile(XamaCore.Configs.ConfigPath,System.IO.FileSystemInfo)
DA:88,0
DA:89,0
DA:90,0
DA:91,0
DA:92,0
DA:93,0
DA:95,0
DA:96,0
DA:97,0
DA:98,0
DA:99,0
DA:102,0
DA:103,0
DA:104,0
DA:105,0
DA:107,0
DA:108,0
DA:109,0
DA:110,0
DA:111,0
DA:112,0
DA:113,0
DA:115,0
DA:117,0
DA:118,0
BRDA:89,7,0,0
BRDA:89,7,1,0
BRDA:89,28,0,0
BRDA:91,57,0,0
BRDA:91,57,1,0
BRDA:91,109,0,0
BRDA:91,109,1,0
BRDA:96,140,0,0
BRDA:96,140,1,0
BRDA:89,28,1,0
BRDA:107,225,0,0
BRDA:107,225,1,0
BRDA:107,248,0,0
BRDA:110,271,0,0
BRDA:110,271,1,0
BRDA:107,248,1,0
BRDA:91,7,0,0
BRDA:91,7,1,0
FN:121,System.String XamaCore.BackupProcessor::WildCardToRegex(System.String)
FNDA:0,System.String XamaCore.BackupProcessor::WildCardToRegex(System.String)
DA:122,0
DA:123,0
DA:124,0
FN:127,System.Boolean XamaCore.BackupProcessor::IsMatch(System.IO.FileSystemInfo,System.Collections.Generic.IList`1<XamaCore.Configs.ConfigPattern>)
FNDA:0,System.Boolean XamaCore.BackupProcessor::IsMatch(System.IO.FileSystemInfo,System.Collections.Generic.IList`1<XamaCore.Configs.ConfigPattern>)
DA:128,0
DA:129,0
DA:130,0
DA:131,0
DA:132,0
DA:133,0
DA:134,0
DA:135,0
DA:136,0
DA:137,0
DA:140,0
DA:141,0
DA:142,0
DA:143,0
DA:145,0
DA:146,0
DA:147,0
DA:148,0
DA:149,0
DA:152,0
DA:153,0
DA:155,0
DA:156,0
DA:158,0
DA:159,0
DA:161,0
DA:162,0
DA:163,0
DA:164,0
DA:166,0
DA:167,0
DA:168,0
BRDA:130,285,1,0
BRDA:132,37,0,0
BRDA:134,47,0,0
BRDA:134,47,1,0
BRDA:134,72,0,0
BRDA:134,81,0,0
BRDA:134,81,1,0
BRDA:134,72,1,0
BRDA:134,119,1,0
BRDA:132,37,1,0
BRDA:140,140,0,0
BRDA:140,140,1,0
BRDA:149,200,1,0
BRDA:149,200,2,0
BRDA:149,200,3,0
BRDA:149,200,0,0
BRDA:162,273,0,0
BRDA:162,273,1,0
BRDA:134,119,0,0
BRDA:130,285,0,0
FN:171,System.Void XamaCore.BackupProcessor::ScanFolder(XamaCore.Configs.ConfigPath,System.String,XamaCore.Data.BackupInfo,System.String)
FNDA:0,System.Void XamaCore.BackupProcessor::ScanFolder(XamaCore.Configs.ConfigPath,System.String,XamaCore.Data.BackupInfo,System.String)
DA:172,0
DA:173,0
DA:174,0
DA:175,0
DA:176,0
DA:178,0
DA:179,0
DA:180,0
DA:181,0
DA:183,0
DA:184,0
DA:185,0
DA:186,0
DA:188,0
DA:189,0
DA:192,0
DA:193,0
DA:194,0
DA:195,0
DA:196,0
DA:197,0
DA:198,0
DA:199,0
DA:200,0
DA:201,0
DA:202,0
DA:204,0
DA:205,0
DA:206,0
DA:207,0
DA:208,0
DA:209,0
DA:210,0
DA:211,0
DA:212,0
DA:213,0
DA:214,0
DA:216,0
DA:217,0
DA:220,0
DA:222,0
DA:223,0
DA:224,0
DA:225,0
DA:226,0
DA:227,0
DA:228,0
DA:229,0
DA:230,0
DA:231,0
DA:232,0
DA:233,0
DA:234,0
DA:235,0
DA:236,0
DA:237,0
DA:238,0
DA:239,0
DA:240,0
DA:241,0
BRDA:175,654,1,0
BRDA:178,82,0,0
BRDA:180,98,1,0
BRDA:185,125,1,0
BRDA:178,82,1,0
BRDA:193,173,1,0
BRDA:206,306,0,0
BRDA:209,349,0,0
BRDA:211,380,0,0
BRDA:211,380,1,0
BRDA:209,349,1,0
BRDA:206,306,1,0
BRDA:236,615,0,0
BRDA:236,615,1,0
BRDA:180,98,0,0
BRDA:185,125,0,0
BRDA:193,173,0,0
BRDA:175,654,0,0
FN:244,System.String XamaCore.BackupProcessor::CalculateChecksum(System.IO.FileSystemInfo)
FNDA:0,System.String XamaCore.BackupProcessor::CalculateChecksum(System.IO.FileSystemInfo)
DA:245,0
DA:246,0
DA:247,0
DA:248,0
DA:249,0
DA:250,0
DA:251,0
DA:252,0
DA:253,0
DA:254,0
DA:255,0
FN:260,System.Void XamaCore.BackupProcessor::Dispose()
FNDA:0,System.Void XamaCore.BackupProcessor::Dispose()
DA:261,0
DA:262,0
DA:263,0
FN:24,System.Void XamaCore.BackupProcessor::.ctor(XamaCore.Compressors.ICompress)
FNDA:0,System.Void XamaCore.BackupProcessor::.ctor(XamaCore.Compressors.ICompress)
DA:25,0
DA:26,0
DA:27,0
DA:28,0
LF:176
LH:0
BRF:60
BRH:0
FNF:12
FNH:0
end_of_record
SF:c:\Desenv\xama_backup\XamaCore\Interceptors\FileActionEventArgs.cs
FN:6,System.String XamaCore.Interceptors.FileActionEventArgs::get_FileName()
FNDA:0,System.String XamaCore.Interceptors.FileActionEventArgs::get_FileName()
DA:7,0
LF:1
LH:0
BRF:0
BRH:0
FNF:1
FNH:0
end_of_record
SF:c:\Desenv\xama_backup\XamaCore\Events\FileCopiedEventArgs.cs
FN:16,XamaCore.Data.BackupFile XamaCore.Events.FileCopiedEventArgs::get_File()
FNDA:0,XamaCore.Data.BackupFile XamaCore.Events.FileCopiedEventArgs::get_File()
DA:17,0
FN:8,System.Void XamaCore.Events.FileCopiedEventArgs::.ctor()
FNDA:0,System.Void XamaCore.Events.FileCopiedEventArgs::.ctor()
DA:9,0
DA:10,0
DA:12,0
FN:12,System.Void XamaCore.Events.FileCopiedEventArgs::.ctor(XamaCore.Data.BackupFile)
FNDA:0,System.Void XamaCore.Events.FileCopiedEventArgs::.ctor(XamaCore.Data.BackupFile)
DA:13,0
DA:14,0
DA:15,0
DA:16,0
LF:8
LH:0
BRF:0
BRH:0
FNF:3
FNH:0
end_of_record
SF:c:\Desenv\xama_backup\XamaCore\Data\BackupFile.cs
FN:11,System.Guid XamaCore.Data.BackupFile::get_Id()
FNDA:0,System.Guid XamaCore.Data.BackupFile::get_Id()
DA:12,0
FN:12,System.String XamaCore.Data.BackupFile::get_Name()
FNDA:0,System.String XamaCore.Data.BackupFile::get_Name()
DA:13,0
FN:14,System.Int64 XamaCore.Data.BackupFile::get_Size()
FNDA:0,System.Int64 XamaCore.Data.BackupFile::get_Size()
DA:15,0
FN:16,System.String XamaCore.Data.BackupFile::get_MD5()
FNDA:0,System.String XamaCore.Data.BackupFile::get_MD5()
DA:17,0
FN:18,System.String XamaCore.Data.BackupFile::get_FullPath()
FNDA:0,System.String XamaCore.Data.BackupFile::get_FullPath()
DA:19,0
FN:20,System.DateTime XamaCore.Data.BackupFile::get_LastChanged()
FNDA:0,System.DateTime XamaCore.Data.BackupFile::get_LastChanged()
DA:21,0
FN:22,System.DateTime XamaCore.Data.BackupFile::get_CreationDate()
FNDA:0,System.DateTime XamaCore.Data.BackupFile::get_CreationDate()
DA:23,0
FN:6,System.Void XamaCore.Data.BackupFile::.ctor()
FNDA:0,System.Void XamaCore.Data.BackupFile::.ctor()
DA:7,0
DA:8,0
DA:9,0
DA:10,0
LF:11
LH:0
BRF:0
BRH:0
FNF:8
FNH:0
end_of_record
SF:c:\Desenv\xama_backup\XamaCore\Data\BackupInfo.cs
FN:16,System.Guid XamaCore.Data.BackupInfo::get_Id()
FNDA:0,System.Guid XamaCore.Data.BackupInfo::get_Id()
DA:17,0
FN:19,System.DateTime XamaCore.Data.BackupInfo::get_StartedAt()
FNDA:0,System.DateTime XamaCore.Data.BackupInfo::get_StartedAt()
DA:20,0
FN:22,System.DateTime XamaCore.Data.BackupInfo::get_EndedAt()
FNDA:0,System.DateTime XamaCore.Data.BackupInfo::get_EndedAt()
DA:23,0
FN:25,System.Int32 XamaCore.Data.BackupInfo::get_CopiedFiles()
FNDA:0,System.Int32 XamaCore.Data.BackupInfo::get_CopiedFiles()
DA:26,0
FN:28,System.Int32 XamaCore.Data.BackupInfo::get_MatchedFiles()
FNDA:0,System.Int32 XamaCore.Data.BackupInfo::get_MatchedFiles()
DA:29,0
FN:34,System.Boolean XamaCore.Data.BackupInfo::get_HasProblems()
FNDA:0,System.Boolean XamaCore.Data.BackupInfo::get_HasProblems()
DA:35,0
DA:36,0
DA:37,0
FN:40,System.Collections.Generic.IList`1<XamaCore.Data.BackupFile> XamaCore.Data.BackupInfo::get_Files()
FNDA:0,System.Collections.Generic.IList`1<XamaCore.Data.BackupFile> XamaCore.Data.BackupInfo::get_Files()
DA:41,0
FN:43,System.Collections.Generic.IList`1<XamaCore.Data.BackupProblem> XamaCore.Data.BackupInfo::get_Problems()
FNDA:0,System.Collections.Generic.IList`1<XamaCore.Data.BackupProblem> XamaCore.Data.BackupInfo::get_Problems()
DA:44,0
FN:46,System.String XamaCore.Data.BackupInfo::get_TargetFullPath()
FNDA:0,System.String XamaCore.Data.BackupInfo::get_TargetFullPath()
DA:47,0
FN:52,System.String XamaCore.Data.BackupInfo::get_TargetFileName()
FNDA:0,System.String XamaCore.Data.BackupInfo::get_TargetFileName()
DA:53,0
FN:56,System.Int64 XamaCore.Data.BackupInfo::get_TotalSize()
FNDA:0,System.Int64 XamaCore.Data.BackupInfo::get_TotalSize()
DA:57,0
FN:59,System.Int64 XamaCore.Data.BackupInfo::get_TotalCompressedSize()
FNDA:0,System.Int64 XamaCore.Data.BackupInfo::get_TotalCompressedSize()
DA:60,0
FN:7,System.Void XamaCore.Data.BackupInfo::.ctor()
FNDA:0,System.Void XamaCore.Data.BackupInfo::.ctor()
DA:8,0
DA:9,0
DA:10,0
DA:11,0
DA:12,0
DA:13,0
DA:14,0
LF:21
LH:0
BRF:0
BRH:0
FNF:13
FNH:0
end_of_record
SF:c:\Desenv\xama_backup\XamaCore\Data\BackupProblem.cs
FN:10,System.Guid XamaCore.Data.BackupProblem::get_Id()
FNDA:0,System.Guid XamaCore.Data.BackupProblem::get_Id()
DA:11,0
FN:11,System.Int32 XamaCore.Data.BackupProblem::get_ErrorCode()
FNDA:0,System.Int32 XamaCore.Data.BackupProblem::get_ErrorCode()
DA:12,0
FN:13,System.Boolean XamaCore.Data.BackupProblem::get_IsFatalError()
FNDA:0,System.Boolean XamaCore.Data.BackupProblem::get_IsFatalError()
DA:14,0
FN:15,XamaCore.Data.BackupFile XamaCore.Data.BackupProblem::get_File()
FNDA:0,XamaCore.Data.BackupFile XamaCore.Data.BackupProblem::get_File()
DA:16,0
FN:17,System.String XamaCore.Data.BackupProblem::get_Description()
FNDA:0,System.String XamaCore.Data.BackupProblem::get_Description()
DA:18,0
FN:6,System.Void XamaCore.Data.BackupProblem::.ctor()
FNDA:0,System.Void XamaCore.Data.BackupProblem::.ctor()
DA:7,0
DA:8,0
DA:9,0
DA:10,0
LF:9
LH:0
BRF:0
BRH:0
FNF:6
FNH:0
end_of_record
SF:c:\Desenv\xama_backup\XamaCore\Configs\ConfigPath.cs
FN:15,System.String XamaCore.Configs.ConfigPath::get_Path()
FNDA:0,System.String XamaCore.Configs.ConfigPath::get_Path()
DA:16,0
FN:18,System.Boolean XamaCore.Configs.ConfigPath::get_IncludeSubfolders()
FNDA:0,System.Boolean XamaCore.Configs.ConfigPath::get_IncludeSubfolders()
DA:19,0
FN:21,System.Collections.Generic.IList`1<XamaCore.Configs.ConfigPattern> XamaCore.Configs.ConfigPath::get_Includes()
FNDA:0,System.Collections.Generic.IList`1<XamaCore.Configs.ConfigPattern> XamaCore.Configs.ConfigPath::get_Includes()
DA:22,0
FN:24,System.Collections.Generic.IList`1<XamaCore.Configs.ConfigPattern> XamaCore.Configs.ConfigPath::get_Excludes()
FNDA:0,System.Collections.Generic.IList`1<XamaCore.Configs.ConfigPattern> XamaCore.Configs.ConfigPath::get_Excludes()
DA:25,0
FN:28,System.Boolean XamaCore.Configs.ConfigPath::get_UseVolumeShadowCopy()
FNDA:0,System.Boolean XamaCore.Configs.ConfigPath::get_UseVolumeShadowCopy()
DA:29,0
FN:9,System.Void XamaCore.Configs.ConfigPath::.ctor()
FNDA:0,System.Void XamaCore.Configs.ConfigPath::.ctor()
DA:10,0
DA:11,0
DA:12,0
DA:13,0
LF:9
LH:0
BRF:0
BRH:0
FNF:6
FNH:0
end_of_record
SF:c:\Desenv\xama_backup\XamaCore\Configs\ConfigPattern.cs
FN:14,System.String XamaCore.Configs.ConfigPattern::get_Pattern()
FNDA:0,System.String XamaCore.Configs.ConfigPattern::get_Pattern()
DA:15,0
FN:17,XamaCore.Configs.ConfigPatternTypeEnum XamaCore.Configs.ConfigPattern::get_PatternType()
FNDA:0,XamaCore.Configs.ConfigPatternTypeEnum XamaCore.Configs.ConfigPattern::get_PatternType()
DA:18,0
FN:20,XamaCore.Configs.ConfigPatternMode XamaCore.Configs.ConfigPattern::get_Mode()
FNDA:0,XamaCore.Configs.ConfigPatternMode XamaCore.Configs.ConfigPattern::get_Mode()
DA:21,0
FN:23,XamaCore.Configs.ConfigPatternFileType XamaCore.Configs.ConfigPattern::get_AppliesTo()
FNDA:0,XamaCore.Configs.ConfigPatternFileType XamaCore.Configs.ConfigPattern::get_AppliesTo()
DA:24,0
FN:26,System.String XamaCore.Configs.ConfigPattern::ToString()
FNDA:0,System.String XamaCore.Configs.ConfigPattern::ToString()
DA:27,0
DA:28,0
DA:29,0
FN:6,System.Void XamaCore.Configs.ConfigPattern::.ctor()
FNDA:0,System.Void XamaCore.Configs.ConfigPattern::.ctor()
DA:7,0
DA:8,0
DA:9,0
DA:10,0
DA:11,0
DA:12,0
LF:13
LH:0
BRF:0
BRH:0
FNF:6
FNH:0
end_of_record
SF:c:\Desenv\xama_backup\XamaCore\Configs\ConfigRetention.cs
FN:8,System.Int32 XamaCore.Configs.ConfigRetention::get_NumberOfFullCopies()
FNDA:0,System.Int32 XamaCore.Configs.ConfigRetention::get_NumberOfFullCopies()
DA:9,0
FN:11,System.Int32 XamaCore.Configs.ConfigRetention::get_FullCopieEvery()
FNDA:0,System.Int32 XamaCore.Configs.ConfigRetention::get_FullCopieEvery()
DA:12,0
LF:2
LH:0
BRF:0
BRH:0
FNF:2
FNH:0
end_of_record
SF:c:\Desenv\xama_backup\XamaCore\Configs\ConfigTarget.cs
FN:12,System.String XamaCore.Configs.ConfigTarget::get_FileName()
FNDA:0,System.String XamaCore.Configs.ConfigTarget::get_FileName()
DA:13,0
FN:15,System.String XamaCore.Configs.ConfigTarget::get_Path()
FNDA:0,System.String XamaCore.Configs.ConfigTarget::get_Path()
DA:16,0
FN:18,XamaCore.Configs.ConfigCompressionMethod XamaCore.Configs.ConfigTarget::get_CompressionMethod()
FNDA:0,XamaCore.Configs.ConfigCompressionMethod XamaCore.Configs.ConfigTarget::get_CompressionMethod()
DA:19,0
FN:21,XamaCore.Configs.ConfigCompressionLevel XamaCore.Configs.ConfigTarget::get_CompressionLevel()
FNDA:0,XamaCore.Configs.ConfigCompressionLevel XamaCore.Configs.ConfigTarget::get_CompressionLevel()
DA:22,0
FN:24,XamaCore.Configs.ConfigRetention XamaCore.Configs.ConfigTarget::get_Retention()
FNDA:0,XamaCore.Configs.ConfigRetention XamaCore.Configs.ConfigTarget::get_Retention()
DA:25,0
FN:6,System.Void XamaCore.Configs.ConfigTarget::.ctor()
FNDA:0,System.Void XamaCore.Configs.ConfigTarget::.ctor()
DA:7,0
DA:8,0
DA:9,0
DA:10,0
LF:9
LH:0
BRF:0
BRH:0
FNF:6
FNH:0
end_of_record
SF:c:\Desenv\xama_backup\XamaCore\Configs\ConfigTask.cs
FN:13,System.String XamaCore.Configs.ConfigTask::get_Name()
FNDA:0,System.String XamaCore.Configs.ConfigTask::get_Name()
DA:14,0
FN:16,System.Collections.Generic.IList`1<XamaCore.Configs.ConfigPath> XamaCore.Configs.ConfigTask::get_Paths()
FNDA:0,System.Collections.Generic.IList`1<XamaCore.Configs.ConfigPath> XamaCore.Configs.ConfigTask::get_Paths()
DA:17,0
FN:19,System.Collections.Generic.IList`1<XamaCore.Configs.ConfigSchedule> XamaCore.Configs.ConfigTask::get_Schedules()
FNDA:0,System.Collections.Generic.IList`1<XamaCore.Configs.ConfigSchedule> XamaCore.Configs.ConfigTask::get_Schedules()
DA:20,0
FN:22,XamaCore.Configs.ConfigTarget XamaCore.Configs.ConfigTask::get_Target()
FNDA:0,XamaCore.Configs.ConfigTarget XamaCore.Configs.ConfigTask::get_Target()
DA:23,0
FN:25,XamaCore.Configs.ConfigTaskTypeEnum XamaCore.Configs.ConfigTask::get_TaskType()
FNDA:0,XamaCore.Configs.ConfigTaskTypeEnum XamaCore.Configs.ConfigTask::get_TaskType()
DA:26,0
FN:8,System.Void XamaCore.Configs.ConfigTask::.ctor()
FNDA:0,System.Void XamaCore.Configs.ConfigTask::.ctor()
DA:9,0
DA:10,0
DA:11,0
LF:8
LH:0
BRF:0
BRH:0
FNF:6
FNH:0
end_of_record
SF:c:\Desenv\xama_backup\XamaCore\Compressors\Compress7zip.cs
FN:21,System.Void XamaCore.Compressors.Compress7zip::Close()
FNDA:0,System.Void XamaCore.Compressors.Compress7zip::Close()
DA:22,0
DA:23,0
DA:24,0
DA:25,0
DA:26,0
DA:27,0
DA:28,0
DA:29,0
DA:30,0
DA:31,0
DA:32,0
DA:33,0
DA:34,0
DA:35,0
DA:36,0
BRDA:23,7,0,0
BRDA:23,7,1,0
BRDA:23,28,0,0
BRDA:23,28,1,0
BRDA:32,124,0,0
BRDA:32,124,1,0
FN:38,System.Void XamaCore.Compressors.Compress7zip::Compress(System.String,System.String)
FNDA:0,System.Void XamaCore.Compressors.Compress7zip::Compress(System.String,System.String)
DA:39,0
DA:40,0
DA:41,0
FN:43,System.String XamaCore.Compressors.Compress7zip::GetFileExtension()
FNDA:0,System.String XamaCore.Compressors.Compress7zip::GetFileExtension()
DA:44,0
DA:45,0
DA:46,0
FN:48,System.Void XamaCore.Compressors.Compress7zip::OpenFile(System.String,XamaCore.Configs.ConfigCompressionLevel)
FNDA:0,System.Void XamaCore.Compressors.Compress7zip::OpenFile(System.String,XamaCore.Configs.ConfigCompressionLevel)
DA:49,0
DA:50,0
DA:51,0
DA:52,0
DA:53,0
DA:54,0
DA:55,0
DA:56,0
DA:57,0
DA:60,0
DA:61,0
DA:63,0
DA:64,0
DA:66,0
DA:67,0
DA:69,0
DA:70,0
DA:72,0
DA:73,0
DA:75,0
DA:76,0
DA:78,0
DA:79,0
DA:80,0
BRDA:50,21,0,0
BRDA:50,21,1,0
BRDA:57,85,1,0
BRDA:57,85,2,0
BRDA:57,85,3,0
BRDA:57,85,4,0
BRDA:57,85,5,0
BRDA:57,85,0,0
FN:18,System.Void XamaCore.Compressors.Compress7zip::.ctor()
FNDA:0,System.Void XamaCore.Compressors.Compress7zip::.ctor()
DA:19,0
LF:46
LH:0
BRF:14
BRH:0
FNF:5
FNH:0
end_of_record
SF:c:\Desenv\xama_backup\XamaCore\Compressors\CompressZip.cs
FN:15,NLog.ILogger XamaCore.Compressors.CompressZip::get__logger()
FNDA:0,NLog.ILogger XamaCore.Compressors.CompressZip::get__logger()
DA:16,0
FN:18,System.Void XamaCore.Compressors.CompressZip::Close()
FNDA:0,System.Void XamaCore.Compressors.CompressZip::Close()
DA:19,0
DA:20,0
DA:21,0
DA:23,0
DA:24,0
DA:25,0
BRDA:20,12,0,0
BRDA:20,12,1,0
FN:27,System.Void XamaCore.Compressors.CompressZip::Compress(System.String,System.String)
FNDA:0,System.Void XamaCore.Compressors.CompressZip::Compress(System.String,System.String)
DA:28,0
DA:29,0
DA:30,0
DA:33,0
DA:34,0
DA:36,0
DA:37,0
DA:38,0
BRDA:29,12,0,0
BRDA:29,12,1,0
FN:40,System.String XamaCore.Compressors.CompressZip::GetFileExtension()
FNDA:0,System.String XamaCore.Compressors.CompressZip::GetFileExtension()
DA:41,0
DA:42,0
DA:43,0
FN:45,System.Void XamaCore.Compressors.CompressZip::OpenFile(System.String,XamaCore.Configs.ConfigCompressionLevel)
FNDA:0,System.Void XamaCore.Compressors.CompressZip::OpenFile(System.String,XamaCore.Configs.ConfigCompressionLevel)
DA:46,0
DA:47,0
DA:48,0
DA:49,0
DA:50,0
DA:51,0
DA:52,0
DA:53,0
DA:56,0
DA:57,0
DA:59,0
DA:60,0
DA:62,0
DA:63,0
DA:65,0
DA:66,0
DA:68,0
DA:69,0
DA:71,0
DA:72,0
BRDA:47,17,0,0
BRDA:47,17,1,0
BRDA:53,58,5,0
BRDA:53,58,4,0
BRDA:53,58,3,0
BRDA:53,58,2,0
BRDA:53,58,1,0
BRDA:53,58,0,0
LF:38
LH:0
BRF:12
BRH:0
FNF:5
FNH:0
end_of_record
SF:c:\Desenv\xama_backup\XamaWinService\BackupJob.cs
FN:20,NLog.ILogger XamaWinService.BackupJob::get__logger()
FNDA:0,NLog.ILogger XamaWinService.BackupJob::get__logger()
DA:21,0
FN:35,System.Threading.Tasks.Task XamaWinService.BackupJob::Execute(Quartz.IJobExecutionContext)
FNDA:0,System.Threading.Tasks.Task XamaWinService.BackupJob::Execute(Quartz.IJobExecutionContext)
DA:36,0
DA:37,0
DA:38,0
DA:39,0
DA:40,0
DA:43,0
DA:44,0
DA:46,0
DA:47,0
DA:48,0
DA:49,0
DA:50,0
DA:51,0
DA:52,0
DA:53,0
DA:54,0
DA:55,0
DA:56,0
DA:57,0
DA:58,0
DA:59,0
DA:60,0
DA:61,0
DA:63,0
DA:64,0
DA:66,0
DA:67,0
DA:68,0
BRDA:46,125,0,0
BRDA:54,254,0,0
BRDA:56,273,0,0
BRDA:56,273,1,0
BRDA:58,304,0,0
BRDA:58,304,1,0
BRDA:54,254,1,0
BRDA:46,125,1,0
FN:70,System.Void XamaWinService.BackupJob::HandleFileCopied(System.Object,XamaCore.Events.FileCopiedEventArgs)
FNDA:0,System.Void XamaWinService.BackupJob::HandleFileCopied(System.Object,XamaCore.Events.FileCopiedEventArgs)
DA:71,0
DA:72,0
DA:73,0
FN:27,System.Void XamaWinService.BackupJob::.ctor(Autofac.ILifetimeScope,LiteDB.ILiteRepository,LiteDB.ILiteDatabase)
FNDA:0,System.Void XamaWinService.BackupJob::.ctor(Autofac.ILifetimeScope,LiteDB.ILiteRepository,LiteDB.ILiteDatabase)
DA:28,0
DA:29,0
DA:30,0
DA:31,0
DA:32,0
DA:33,0
LF:38
LH:0
BRF:8
BRH:0
FNF:4
FNH:0
end_of_record
SF:c:\Desenv\xama_backup\XamaWinService\Bootstrapper.cs
FN:22,Autofac.IContainer XamaWinService.Bootstrapper::BuildContainer(XamaWinService.Configs.ConfigApp)
FNDA:0,Autofac.IContainer XamaWinService.Bootstrapper::BuildContainer(XamaWinService.Configs.ConfigApp)
DA:23,0
DA:24,0
DA:25,0
DA:27,0
DA:28,0
DA:29,0
DA:30,0
DA:31,0
DA:32,0
DA:34,0
DA:35,0
DA:36,0
DA:37,0
DA:38,0
DA:39,0
DA:40,0
DA:41,0
DA:42,0
DA:43,0
DA:44,0
DA:45,0
DA:46,0
DA:47,0
DA:48,0
DA:49,0
DA:50,0
DA:51,0
DA:52,0
DA:53,0
DA:55,0
DA:56,0
DA:57,0
DA:58,0
DA:59,0
DA:61,0
DA:62,0
DA:64,0
DA:65,0
BRDA:56,462,1,0
BRDA:56,462,0,0
LF:38
LH:0
BRF:2
BRH:0
FNF:1
FNH:0
end_of_record
SF:c:\Desenv\xama_backup\XamaWinService\CoreService.cs
FN:31,NLog.ILogger XamaWinService.CoreService::get__logger()
FNDA:0,NLog.ILogger XamaWinService.CoreService::get__logger()
DA:32,0
FN:35,System.Boolean XamaWinService.CoreService::Start(Topshelf.HostControl)
FNDA:0,System.Boolean XamaWinService.CoreService::Start(Topshelf.HostControl)
DA:36,0
DA:37,0
DA:39,0
DA:41,0
DA:42,0
DA:43,0
DA:44,0
DA:45,0
DA:46,0
DA:47,0
DA:48,0
DA:50,0
DA:51,0
DA:52,0
DA:55,0
DA:56,0
DA:57,0
DA:58,0
DA:59,0
DA:60,0
DA:61,0
DA:62,0
DA:63,0
DA:65,0
DA:66,0
DA:67,0
DA:68,0
DA:69,0
DA:70,0
DA:71,0
DA:72,0
DA:73,0
DA:74,0
DA:75,0
DA:76,0
DA:77,0
DA:78,0
BRDA:41,540,1,0
BRDA:50,490,1,0
BRDA:55,238,0,0
BRDA:55,238,1,0
BRDA:50,490,0,0
BRDA:41,540,0,0
BRDA:41,6,0,0
BRDA:41,6,1,0
FN:81,System.Boolean XamaWinService.CoreService::Stop(Topshelf.HostControl)
FNDA:0,System.Boolean XamaWinService.CoreService::Stop(Topshelf.HostControl)
DA:82,0
DA:83,0
DA:84,0
DA:85,0
FN:19,System.Void XamaWinService.CoreService::.ctor(XamaWinService.Configs.ConfigApp,Quartz.IScheduler,Autofac.ILifetimeScope)
FNDA:0,System.Void XamaWinService.CoreService::.ctor(XamaWinService.Configs.ConfigApp,Quartz.IScheduler,Autofac.ILifetimeScope)
DA:20,0
DA:21,0
DA:22,0
DA:23,0
DA:24,0
DA:25,0
LF:48
LH:0
BRF:8
BRH:0
FNF:4
FNH:0
end_of_record
SF:c:\Desenv\xama_backup\XamaWinService\LiteDBInit.cs
FN:14,LiteDB.LiteDatabase XamaWinService.LiteDBINit::Init(XamaWinService.Configs.ConfigApp)
FNDA:0,LiteDB.LiteDatabase XamaWinService.LiteDBINit::Init(XamaWinService.Configs.ConfigApp)
DA:15,0
DA:16,0
DA:17,0
DA:18,0
DA:19,0
DA:20,0
DA:21,0
DA:22,0
DA:23,0
DA:24,0
DA:25,0
LF:11
LH:0
BRF:0
BRH:0
FNF:1
FNH:0
end_of_record
SF:c:\Desenv\xama_backup\XamaWinService\Program.cs
FN:15,System.Void XamaWinService.Program::Main(System.String[])
FNDA:0,System.Void XamaWinService.Program::Main(System.String[])
DA:16,0
DA:17,0
DA:18,0
DA:19,0
DA:21,0
DA:23,0
DA:25,0
DA:27,0
DA:28,0
DA:29,0
DA:30,0
DA:31,0
DA:32,0
DA:33,0
DA:34,0
DA:35,0
DA:36,0
DA:37,0
DA:38,0
DA:39,0
DA:40,0
DA:41,0
DA:42,0
DA:43,0
DA:44,0
DA:45,0
DA:46,0
DA:47,0
BRDA:18,41,0,0
BRDA:18,41,1,0
LF:28
LH:0
BRF:2
BRH:0
FNF:1
FNH:0
end_of_record
SF:c:\Desenv\xama_backup\XamaWinService\TriggerListener.cs
FN:11,System.String XamaWinService.TriggerListener::get_Name()
FNDA:0,System.String XamaWinService.TriggerListener::get_Name()
DA:12,0
FN:13,NLog.ILogger XamaWinService.TriggerListener::get__logger()
FNDA:0,NLog.ILogger XamaWinService.TriggerListener::get__logger()
DA:14,0
FN:16,System.Threading.Tasks.Task XamaWinService.TriggerListener::TriggerComplete(Quartz.ITrigger,Quartz.IJobExecutionContext,Quartz.SchedulerInstruction,System.Threading.CancellationToken)
FNDA:0,System.Threading.Tasks.Task XamaWinService.TriggerListener::TriggerComplete(Quartz.ITrigger,Quartz.IJobExecutionContext,Quartz.SchedulerInstruction,System.Threading.CancellationToken)
DA:17,0
DA:18,0
DA:19,0
DA:20,0
FN:22,System.Threading.Tasks.Task XamaWinService.TriggerListener::TriggerFired(Quartz.ITrigger,Quartz.IJobExecutionContext,System.Threading.CancellationToken)
FNDA:0,System.Threading.Tasks.Task XamaWinService.TriggerListener::TriggerFired(Quartz.ITrigger,Quartz.IJobExecutionContext,System.Threading.CancellationToken)
DA:23,0
DA:24,0
DA:25,0
DA:26,0
DA:27,0
DA:28,0
FN:30,System.Threading.Tasks.Task XamaWinService.TriggerListener::TriggerMisfired(Quartz.ITrigger,System.Threading.CancellationToken)
FNDA:0,System.Threading.Tasks.Task XamaWinService.TriggerListener::TriggerMisfired(Quartz.ITrigger,System.Threading.CancellationToken)
DA:31,0
DA:32,0
DA:33,0
DA:34,0
DA:35,0
DA:36,0
FN:38,System.Threading.Tasks.Task`1<System.Boolean> XamaWinService.TriggerListener::VetoJobExecution(Quartz.ITrigger,Quartz.IJobExecutionContext,System.Threading.CancellationToken)
FNDA:0,System.Threading.Tasks.Task`1<System.Boolean> XamaWinService.TriggerListener::VetoJobExecution(Quartz.ITrigger,Quartz.IJobExecutionContext,System.Threading.CancellationToken)
DA:39,0
DA:40,0
DA:41,0
LF:21
LH:0
BRF:0
BRH:0
FNF:6
FNH:0
end_of_record
SF:c:\Desenv\xama_backup\XamaWinService\Schedulers\CronScheduler.cs
FN:8,System.Boolean XamaWinService.Schedulers.CronScheduler::IsCron()
FNDA:0,System.Boolean XamaWinService.Schedulers.CronScheduler::IsCron()
DA:9,0
DA:10,0
DA:11,0
FN:13,System.DateTime XamaWinService.Schedulers.CronScheduler::NextRun(System.DateTime,XamaWinService.Configs.ConfigScheduleCron)
FNDA:0,System.DateTime XamaWinService.Schedulers.CronScheduler::NextRun(System.DateTime,XamaWinService.Configs.ConfigScheduleCron)
DA:14,0
DA:15,0
FN:18,System.Void XamaWinService.Schedulers.CronScheduler::ValidateConfig(XamaWinService.Configs.ConfigScheduleCron)
FNDA:0,System.Void XamaWinService.Schedulers.CronScheduler::ValidateConfig(XamaWinService.Configs.ConfigScheduleCron)
DA:19,0
DA:20,0
LF:7
LH:0
BRF:0
BRH:0
FNF:3
FNH:0
end_of_record
SF:c:\Desenv\xama_backup\XamaWinService\Schedulers\DailyScheduler.cs
FN:10,System.Boolean XamaWinService.Schedulers.DailyScheduler::IsCron()
FNDA:0,System.Boolean XamaWinService.Schedulers.DailyScheduler::IsCron()
DA:11,0
DA:12,0
DA:13,0
FN:15,System.DateTime XamaWinService.Schedulers.DailyScheduler::NextRun(System.DateTime,XamaWinService.Configs.ConfigScheduleDaily)
FNDA:0,System.DateTime XamaWinService.Schedulers.DailyScheduler::NextRun(System.DateTime,XamaWinService.Configs.ConfigScheduleDaily)
DA:16,0
DA:17,0
DA:18,0
DA:19,0
DA:20,0
DA:21,0
DA:22,0
DA:23,0
BRDA:19,67,0,0
BRDA:19,67,1,0
BRDA:20,94,0,0
BRDA:20,94,1,0
FN:25,System.Void XamaWinService.Schedulers.DailyScheduler::ValidateConfig(XamaWinService.Configs.ConfigScheduleDaily)
FNDA:0,System.Void XamaWinService.Schedulers.DailyScheduler::ValidateConfig(XamaWinService.Configs.ConfigScheduleDaily)
DA:26,0
DA:27,0
DA:28,0
LF:14
LH:0
BRF:4
BRH:0
FNF:3
FNH:0
end_of_record
SF:c:\Desenv\xama_backup\XamaWinService\Schedulers\MonthlyScheduler.cs
FN:11,System.Boolean XamaWinService.Schedulers.MonthlyScheduler::IsCron()
FNDA:0,System.Boolean XamaWinService.Schedulers.MonthlyScheduler::IsCron()
DA:12,0
DA:13,0
DA:14,0
FN:16,System.DateTime XamaWinService.Schedulers.MonthlyScheduler::NextRun(System.DateTime,XamaWinService.Configs.ConfigScheduleMonthly)
FNDA:0,System.DateTime XamaWinService.Schedulers.MonthlyScheduler::NextRun(System.DateTime,XamaWinService.Configs.ConfigScheduleMonthly)
DA:17,0
DA:18,0
DA:19,0
DA:20,0
DA:21,0
DA:22,0
DA:24,0
DA:25,0
DA:26,0
DA:27,0
DA:28,0
DA:29,0
DA:30,0
DA:31,0
DA:32,0
DA:34,0
DA:35,0
DA:36,0
DA:38,0
DA:39,0
DA:40,0
DA:41,0
DA:42,0
DA:43,0
DA:44,0
DA:46,0
DA:47,0
BRDA:24,59,0,0
BRDA:24,59,1,0
BRDA:31,161,1,0
BRDA:35,110,0,0
BRDA:35,110,1,0
BRDA:31,161,0,0
BRDA:43,177,0,0
BRDA:43,177,1,0
FN:49,System.Void XamaWinService.Schedulers.MonthlyScheduler::ValidateConfig(XamaWinService.Configs.ConfigScheduleMonthly)
FNDA:0,System.Void XamaWinService.Schedulers.MonthlyScheduler::ValidateConfig(XamaWinService.Configs.ConfigScheduleMonthly)
DA:50,0
DA:51,0
DA:52,0
DA:53,0
DA:54,0
BRDA:51,8,0,0
BRDA:51,8,1,0
BRDA:51,25,0,0
BRDA:51,25,1,0
LF:35
LH:0
BRF:12
BRH:0
FNF:3
FNH:0
end_of_record
SF:c:\Desenv\xama_backup\XamaWinService\Schedulers\OnStartupScheduler.cs
FN:8,System.Boolean XamaWinService.Schedulers.OnStartupScheduler::IsCron()
FNDA:0,System.Boolean XamaWinService.Schedulers.OnStartupScheduler::IsCron()
DA:9,0
DA:10,0
DA:11,0
FN:13,System.DateTime XamaWinService.Schedulers.OnStartupScheduler::NextRun(System.DateTime,XamaWinService.Configs.ConfigScheduleOnStartUp)
FNDA:0,System.DateTime XamaWinService.Schedulers.OnStartupScheduler::NextRun(System.DateTime,XamaWinService.Configs.ConfigScheduleOnStartUp)
DA:14,0
DA:15,0
DA:16,0
FN:18,System.Void XamaWinService.Schedulers.OnStartupScheduler::ValidateConfig(XamaWinService.Configs.ConfigScheduleOnStartUp)
FNDA:0,System.Void XamaWinService.Schedulers.OnStartupScheduler::ValidateConfig(XamaWinService.Configs.ConfigScheduleOnStartUp)
DA:19,0
DA:20,0
LF:8
LH:0
BRF:0
BRH:0
FNF:3
FNH:0
end_of_record
SF:c:\Desenv\xama_backup\XamaWinService\Schedulers\RunOnceScheduler.cs
FN:9,System.Boolean XamaWinService.Schedulers.RunOnceScheduler::IsCron()
FNDA:0,System.Boolean XamaWinService.Schedulers.RunOnceScheduler::IsCron()
DA:10,0
DA:11,0
DA:12,0
FN:15,System.DateTime XamaWinService.Schedulers.RunOnceScheduler::NextRun(System.DateTime,XamaWinService.Configs.ConfigScheduleOnce)
FNDA:0,System.DateTime XamaWinService.Schedulers.RunOnceScheduler::NextRun(System.DateTime,XamaWinService.Configs.ConfigScheduleOnce)
DA:16,0
DA:17,0
DA:18,0
FN:21,System.Void XamaWinService.Schedulers.RunOnceScheduler::ValidateConfig(XamaWinService.Configs.ConfigScheduleOnce)
FNDA:0,System.Void XamaWinService.Schedulers.RunOnceScheduler::ValidateConfig(XamaWinService.Configs.ConfigScheduleOnce)
DA:22,0
DA:23,0
LF:8
LH:0
BRF:0
BRH:0
FNF:3
FNH:0
end_of_record
SF:c:\Desenv\xama_backup\XamaWinService\Schedulers\Scheduler.cs
FN:12,System.DateTime XamaWinService.Schedulers.Scheduler`1::NextRun(System.DateTime,System.Object)
FNDA:0,System.DateTime XamaWinService.Schedulers.Scheduler`1::NextRun(System.DateTime,System.Object)
DA:13,0
DA:14,0
DA:15,0
FN:19,System.Void XamaWinService.Schedulers.Scheduler`1::ValidateConfig(System.Object)
FNDA:0,System.Void XamaWinService.Schedulers.Scheduler`1::ValidateConfig(System.Object)
DA:20,0
DA:21,0
DA:22,0
FN:24,System.Void XamaWinService.Schedulers.Scheduler`1::ValidateTime(System.String)
FNDA:0,System.Void XamaWinService.Schedulers.Scheduler`1::ValidateTime(System.String)
DA:25,0
DA:26,0
DA:27,0
DA:29,0
DA:30,0
DA:31,0
DA:33,0
DA:34,0
DA:35,0
DA:37,0
DA:38,0
DA:40,0
DA:41,0
DA:42,0
DA:44,0
DA:45,0
DA:47,0
DA:48,0
DA:49,0
DA:50,0
DA:51,0
DA:53,0
DA:54,0
DA:55,0
DA:56,0
BRDA:26,9,0,0
BRDA:26,9,1,0
BRDA:30,36,0,0
BRDA:30,36,1,0
BRDA:30,51,0,0
BRDA:30,51,1,0
BRDA:34,83,0,0
BRDA:34,83,1,0
BRDA:37,98,0,0
BRDA:37,98,1,0
BRDA:37,112,0,0
BRDA:37,112,1,0
BRDA:41,144,0,0
BRDA:41,144,1,0
BRDA:44,159,0,0
BRDA:44,159,1,0
BRDA:44,173,0,0
BRDA:44,173,1,0
BRDA:47,196,0,0
BRDA:50,218,0,0
BRDA:50,218,1,0
BRDA:53,233,0,0
BRDA:53,233,1,0
BRDA:53,247,0,0
BRDA:53,247,1,0
BRDA:47,196,1,0
LF:31
LH:0
BRF:26
BRH:0
FNF:3
FNH:0
end_of_record
SF:c:\Desenv\xama_backup\XamaWinService\Schedulers\SchedulerException.cs
FN:6,System.Void XamaWinService.Schedulers.SchedulerException::.ctor(System.String)
FNDA:0,System.Void XamaWinService.Schedulers.SchedulerException::.ctor(System.String)
DA:7,0
DA:8,0
DA:9,0
LF:3
LH:0
BRF:0
BRH:0
FNF:1
FNH:0
end_of_record
SF:c:\Desenv\xama_backup\XamaWinService\Schedulers\WeeklyScheduler.cs
FN:10,System.Boolean XamaWinService.Schedulers.WeeklyScheduler::IsCron()
FNDA:0,System.Boolean XamaWinService.Schedulers.WeeklyScheduler::IsCron()
DA:11,0
DA:12,0
DA:13,0
FN:15,System.DateTime XamaWinService.Schedulers.WeeklyScheduler::NextRun(System.DateTime,XamaWinService.Configs.ConfigScheduleWeekly)
FNDA:0,System.DateTime XamaWinService.Schedulers.WeeklyScheduler::NextRun(System.DateTime,XamaWinService.Configs.ConfigScheduleWeekly)
DA:16,0
DA:17,0
DA:18,0
DA:19,0
DA:20,0
DA:22,0
DA:23,0
DA:24,0
DA:25,0
DA:26,0
DA:27,0
DA:28,0
DA:29,0
DA:30,0
DA:31,0
DA:32,0
DA:33,0
DA:34,0
DA:35,0
DA:36,0
DA:37,0
DA:38,0
DA:39,0
DA:40,0
DA:41,0
BRDA:19,67,0,0
BRDA:19,67,1,0
BRDA:39,332,1,0
BRDA:25,110,0,0
BRDA:25,110,1,0
BRDA:25,125,0,0
BRDA:25,125,1,0
BRDA:27,143,0,0
BRDA:27,143,1,0
BRDA:27,158,0,0
BRDA:27,158,1,0
BRDA:29,176,0,0
BRDA:29,176,1,0
BRDA:29,191,0,0
BRDA:29,191,1,0
BRDA:31,209,0,0
BRDA:31,209,1,0
BRDA:31,224,0,0
BRDA:31,224,1,0
BRDA:33,239,0,0
BRDA:33,239,1,0
BRDA:33,254,0,0
BRDA:33,254,1,0
BRDA:35,269,0,0
BRDA:35,269,1,0
BRDA:35,284,0,0
BRDA:35,284,1,0
BRDA:37,298,0,0
BRDA:37,298,1,0
BRDA:37,313,0,0
BRDA:37,313,1,0
BRDA:39,332,0,0
FN:43,System.Void XamaWinService.Schedulers.WeeklyScheduler::ValidateConfig(XamaWinService.Configs.ConfigScheduleWeekly)
FNDA:0,System.Void XamaWinService.Schedulers.WeeklyScheduler::ValidateConfig(XamaWinService.Configs.ConfigScheduleWeekly)
DA:44,0
DA:45,0
DA:46,0
DA:47,0
DA:48,0
DA:49,0
DA:50,0
BRDA:46,20,0,0
BRDA:46,28,0,0
BRDA:46,36,0,0
BRDA:46,44,0,0
BRDA:46,52,0,0
BRDA:46,60,0,0
BRDA:46,20,1,0
BRDA:46,28,1,0
BRDA:46,36,1,0
BRDA:46,44,1,0
BRDA:46,52,1,0
BRDA:46,60,1,0
BRDA:46,76,0,0
BRDA:46,76,1,0
LF:35
LH:0
BRF:46
BRH:0
FNF:3
FNH:0
end_of_record
SF:c:\Desenv\xama_backup\XamaWinService\Schedulers\YearlyScheduler.cs
FN:10,System.Boolean XamaWinService.Schedulers.YearlyScheduler::IsCron()
FNDA:0,System.Boolean XamaWinService.Schedulers.YearlyScheduler::IsCron()
DA:11,0
DA:12,0
DA:13,0
FN:15,System.DateTime XamaWinService.Schedulers.YearlyScheduler::NextRun(System.DateTime,XamaWinService.Configs.ConfigScheduleYearly)
FNDA:0,System.DateTime XamaWinService.Schedulers.YearlyScheduler::NextRun(System.DateTime,XamaWinService.Configs.ConfigScheduleYearly)
DA:16,0
DA:17,0
DA:18,0
DA:20,0
DA:21,0
DA:22,0
DA:23,0
DA:24,0
DA:25,0
DA:26,0
DA:28,0
DA:29,0
DA:30,0
DA:32,0
DA:33,0
DA:34,0
DA:35,0
DA:36,0
DA:37,0
DA:38,0
DA:39,0
DA:40,0
BRDA:25,140,1,0
BRDA:29,89,0,0
BRDA:29,89,1,0
BRDA:25,140,0,0
BRDA:37,156,0,0
BRDA:37,156,1,0
FN:42,System.Void XamaWinService.Schedulers.YearlyScheduler::ValidateConfig(XamaWinService.Configs.ConfigScheduleYearly)
FNDA:0,System.Void XamaWinService.Schedulers.YearlyScheduler::ValidateConfig(XamaWinService.Configs.ConfigScheduleYearly)
DA:43,0
DA:44,0
DA:45,0
DA:46,0
DA:47,0
DA:48,0
DA:49,0
BRDA:45,21,0,0
BRDA:45,21,1,0
BRDA:45,38,0,0
BRDA:45,38,1,0
BRDA:47,58,0,0
BRDA:47,58,1,0
BRDA:47,75,0,0
BRDA:47,75,1,0
LF:32
LH:0
BRF:14
BRH:0
FNF:3
FNH:0
end_of_record
SF:c:\Desenv\xama_backup\XamaWinService\Helpers\ConfigLoader.cs
FN:13,XamaWinService.Configs.ConfigApp XamaWinService.Helpers.ConfigLoader::ReadConfigFile(System.String)
FNDA:0,XamaWinService.Configs.ConfigApp XamaWinService.Helpers.ConfigLoader::ReadConfigFile(System.String)
DA:14,0
DA:15,0
DA:16,0
DA:17,0
DA:18,0
DA:19,0
DA:20,0
LF:7
LH:0
BRF:0
BRH:0
FNF:1
FNH:0
end_of_record
SF:c:\Desenv\xama_backup\XamaWinService\Helpers\NLogInit.cs
FN:14,System.Void XamaWinService.Helpers.NLogInit::Configure(XamaWinService.Configs.ConfigLog)
FNDA:0,System.Void XamaWinService.Helpers.NLogInit::Configure(XamaWinService.Configs.ConfigLog)
DA:15,0
DA:16,0
DA:17,0
DA:19,0
DA:20,0
DA:21,0
DA:22,0
DA:24,0
DA:25,0
DA:26,0
DA:27,0
DA:28,0
DA:29,0
DA:30,0
DA:31,0
DA:32,0
DA:33,0
DA:35,0
DA:36,0
DA:37,0
DA:39,0
DA:40,0
DA:42,0
DA:43,0
DA:44,0
BRDA:16,9,1,0
BRDA:19,28,0,0
BRDA:19,28,1,0
BRDA:39,228,0,0
BRDA:39,228,1,0
BRDA:40,266,0,0
BRDA:40,266,1,0
BRDA:16,9,0,0
LF:25
LH:0
BRF:8
BRH:0
FNF:1
FNH:0
end_of_record
SF:c:\Desenv\xama_backup\XamaWinService\Helpers\TypeHelper.cs
FN:10,System.Collections.Generic.IList`1<System.Type> XamaWinService.Helpers.TypeHelper::GetTypesExtending(System.Type,System.String,System.Boolean,System.Boolean)
FNDA:0,System.Collections.Generic.IList`1<System.Type> XamaWinService.Helpers.TypeHelper::GetTypesExtending(System.Type,System.String,System.Boolean,System.Boolean)
DA:11,0
DA:12,0
DA:13,0
DA:14,0
DA:15,0
DA:16,0
DA:17,0
DA:19,0
DA:20,0
DA:21,0
DA:22,0
DA:23,0
DA:24,0
DA:25,0
DA:26,0
DA:27,0
DA:28,0
DA:29,0
DA:30,0
DA:31,0
DA:32,0
DA:33,0
DA:34,0
DA:35,0
DA:36,0
DA:37,0
DA:39,0
DA:40,0
DA:41,0
DA:42,0
DA:43,0
DA:44,0
BRDA:14,49,0,0
BRDA:14,49,1,0
BRDA:19,384,1,0
BRDA:22,361,1,0
BRDA:24,146,1,0
BRDA:25,171,1,0
BRDA:26,191,0,0
BRDA:26,191,1,0
BRDA:26,225,0,0
BRDA:26,225,1,0
BRDA:30,253,0,0
BRDA:32,345,1,0
BRDA:34,291,0,0
BRDA:34,291,1,0
BRDA:34,313,0,0
BRDA:34,313,1,0
BRDA:32,345,0,0
BRDA:30,253,1,0
BRDA:24,146,0,0
BRDA:25,171,0,0
BRDA:22,361,0,0
BRDA:19,384,0,0
FN:53,System.Collections.Generic.IList`1<System.Type> XamaWinService.Helpers.TypeHelper::GetTypesExtending(System.Boolean,System.Boolean)
FNDA:0,System.Collections.Generic.IList`1<System.Type> XamaWinService.Helpers.TypeHelper::GetTypesExtending(System.Boolean,System.Boolean)
DA:54,0
DA:55,0
DA:56,0
FN:58,System.Collections.Generic.IList`1<System.Type> XamaWinService.Helpers.TypeHelper::GetTypesExtending(System.String,System.Boolean,System.Boolean)
FNDA:0,System.Collections.Generic.IList`1<System.Type> XamaWinService.Helpers.TypeHelper::GetTypesExtending(System.String,System.Boolean,System.Boolean)
DA:59,0
DA:60,0
DA:61,0
LF:38
LH:0
BRF:22
BRH:0
FNF:3
FNH:0
end_of_record
SF:c:\Desenv\xama_backup\XamaWinService\Configs\ConfigApp.cs
FN:15,System.Collections.Generic.IList`1<XamaCore.Configs.ConfigTask> XamaWinService.Configs.ConfigApp::get_Tasks()
FNDA:0,System.Collections.Generic.IList`1<XamaCore.Configs.ConfigTask> XamaWinService.Configs.ConfigApp::get_Tasks()
DA:16,0
FN:18,System.Boolean XamaWinService.Configs.ConfigApp::get_EnableLog()
FNDA:0,System.Boolean XamaWinService.Configs.ConfigApp::get_EnableLog()
DA:19,0
FN:21,XamaWinService.Configs.ConfigLog XamaWinService.Configs.ConfigApp::get_LogConfig()
FNDA:0,XamaWinService.Configs.ConfigLog XamaWinService.Configs.ConfigApp::get_LogConfig()
DA:22,0
FN:10,System.Void XamaWinService.Configs.ConfigApp::.ctor()
FNDA:0,System.Void XamaWinService.Configs.ConfigApp::.ctor()
DA:11,0
DA:12,0
DA:13,0
LF:6
LH:0
BRF:0
BRH:0
FNF:4
FNH:0
end_of_record
SF:c:\Desenv\xama_backup\XamaWinService\Configs\ConfigLog.cs
FN:7,System.String XamaWinService.Configs.ConfigLog::get_LogFileName()
FNDA:0,System.String XamaWinService.Configs.ConfigLog::get_LogFileName()
DA:8,0
FN:10,System.String XamaWinService.Configs.ConfigLog::get_LogFilePath()
FNDA:0,System.String XamaWinService.Configs.ConfigLog::get_LogFilePath()
DA:11,0
FN:13,System.Int32 XamaWinService.Configs.ConfigLog::get_MaxLogSize()
FNDA:0,System.Int32 XamaWinService.Configs.ConfigLog::get_MaxLogSize()
DA:14,0
FN:16,System.Int32 XamaWinService.Configs.ConfigLog::get_MaxArchiveFiles()
FNDA:0,System.Int32 XamaWinService.Configs.ConfigLog::get_MaxArchiveFiles()
DA:17,0
FN:19,System.Boolean XamaWinService.Configs.ConfigLog::get_ShowTrace()
FNDA:0,System.Boolean XamaWinService.Configs.ConfigLog::get_ShowTrace()
DA:20,0
LF:5
LH:0
BRF:0
BRH:0
FNF:5
FNH:0
end_of_record
SF:c:\Desenv\xama_backup\XamaWinService\Configs\ConfigScheduleCron.cs
FN:10,System.String XamaWinService.Configs.ConfigScheduleCron::get_CronExpression()
FNDA:0,System.String XamaWinService.Configs.ConfigScheduleCron::get_CronExpression()
DA:11,0
FN:6,System.Void XamaWinService.Configs.ConfigScheduleCron::.ctor()
FNDA:0,System.Void XamaWinService.Configs.ConfigScheduleCron::.ctor()
DA:7,0
DA:8,0
DA:9,0
LF:4
LH:0
BRF:0
BRH:0
FNF:2
FNH:0
end_of_record
SF:c:\Desenv\xama_backup\XamaWinService\Configs\ConfigScheduleDaily.cs
FN:9,System.String XamaWinService.Configs.ConfigScheduleDaily::get_Time()
FNDA:0,System.String XamaWinService.Configs.ConfigScheduleDaily::get_Time()
DA:10,0
LF:1
LH:0
BRF:0
BRH:0
FNF:1
FNH:0
end_of_record
SF:c:\Desenv\xama_backup\XamaWinService\Configs\ConfigScheduleMonthly.cs
FN:6,System.String XamaWinService.Configs.ConfigScheduleMonthly::get_Time()
FNDA:0,System.String XamaWinService.Configs.ConfigScheduleMonthly::get_Time()
DA:7,0
FN:7,System.Int32 XamaWinService.Configs.ConfigScheduleMonthly::get_Day()
FNDA:0,System.Int32 XamaWinService.Configs.ConfigScheduleMonthly::get_Day()
DA:8,0
LF:2
LH:0
BRF:0
BRH:0
FNF:2
FNH:0
end_of_record
SF:c:\Desenv\xama_backup\XamaWinService\Configs\ConfigScheduleOnce.cs
FN:7,System.DateTime XamaWinService.Configs.ConfigScheduleOnce::get_DateTime()
FNDA:0,System.DateTime XamaWinService.Configs.ConfigScheduleOnce::get_DateTime()
DA:8,0
LF:1
LH:0
BRF:0
BRH:0
FNF:1
FNH:0
end_of_record
SF:c:\Desenv\xama_backup\XamaWinService\Configs\ConfigScheduleWeekly.cs
FN:10,System.String XamaWinService.Configs.ConfigScheduleWeekly::get_Time()
FNDA:0,System.String XamaWinService.Configs.ConfigScheduleWeekly::get_Time()
DA:11,0
FN:11,System.Boolean XamaWinService.Configs.ConfigScheduleWeekly::get_Monday()
FNDA:0,System.Boolean XamaWinService.Configs.ConfigScheduleWeekly::get_Monday()
DA:12,0
FN:12,System.Boolean XamaWinService.Configs.ConfigScheduleWeekly::get_Tuesday()
FNDA:0,System.Boolean XamaWinService.Configs.ConfigScheduleWeekly::get_Tuesday()
DA:13,0
FN:13,System.Boolean XamaWinService.Configs.ConfigScheduleWeekly::get_Wednesday()
FNDA:0,System.Boolean XamaWinService.Configs.ConfigScheduleWeekly::get_Wednesday()
DA:14,0
FN:14,System.Boolean XamaWinService.Configs.ConfigScheduleWeekly::get_Thursday()
FNDA:0,System.Boolean XamaWinService.Configs.ConfigScheduleWeekly::get_Thursday()
DA:15,0
FN:15,System.Boolean XamaWinService.Configs.ConfigScheduleWeekly::get_Friday()
FNDA:0,System.Boolean XamaWinService.Configs.ConfigScheduleWeekly::get_Friday()
DA:16,0
FN:16,System.Boolean XamaWinService.Configs.ConfigScheduleWeekly::get_Saturday()
FNDA:0,System.Boolean XamaWinService.Configs.ConfigScheduleWeekly::get_Saturday()
DA:17,0
FN:17,System.Boolean XamaWinService.Configs.ConfigScheduleWeekly::get_Sunday()
FNDA:0,System.Boolean XamaWinService.Configs.ConfigScheduleWeekly::get_Sunday()
DA:18,0
FN:6,System.Void XamaWinService.Configs.ConfigScheduleWeekly::.ctor()
FNDA:0,System.Void XamaWinService.Configs.ConfigScheduleWeekly::.ctor()
DA:7,0
DA:8,0
DA:9,0
LF:11
LH:0
BRF:0
BRH:0
FNF:9
FNH:0
end_of_record
SF:c:\Desenv\xama_backup\XamaWinService\Configs\ConfigScheduleYearly.cs
FN:6,System.String XamaWinService.Configs.ConfigScheduleYearly::get_Time()
FNDA:0,System.String XamaWinService.Configs.ConfigScheduleYearly::get_Time()
DA:7,0
FN:7,System.Int32 XamaWinService.Configs.ConfigScheduleYearly::get_Month()
FNDA:0,System.Int32 XamaWinService.Configs.ConfigScheduleYearly::get_Month()
DA:8,0
FN:8,System.Int32 XamaWinService.Configs.ConfigScheduleYearly::get_Day()
FNDA:0,System.Int32 XamaWinService.Configs.ConfigScheduleYearly::get_Day()
DA:9,0
LF:3
LH:0
BRF:0
BRH:0
FNF:3
FNH:0
end_of_record
SF:c:\Desenv\xama_backup\XamaWinService\Configs\ScheduleConverter.cs
FN:15,System.Boolean XamaWinService.Configs.ScheduleConverter::CanConvert(System.Type)
FNDA:0,System.Boolean XamaWinService.Configs.ScheduleConverter::CanConvert(System.Type)
DA:16,0
DA:17,0
DA:18,0
FN:20,System.Object XamaWinService.Configs.ScheduleConverter::ReadJson(Newtonsoft.Json.JsonReader,System.Type,System.Object,Newtonsoft.Json.JsonSerializer)
FNDA:0,System.Object XamaWinService.Configs.ScheduleConverter::ReadJson(Newtonsoft.Json.JsonReader,System.Type,System.Object,Newtonsoft.Json.JsonSerializer)
DA:21,0
DA:22,0
DA:23,0
DA:24,0
DA:25,0
DA:26,0
DA:27,0
DA:28,0
FN:30,System.Void XamaWinService.Configs.ScheduleConverter::WriteJson(Newtonsoft.Json.JsonWriter,System.Object,Newtonsoft.Json.JsonSerializer)
FNDA:0,System.Void XamaWinService.Configs.ScheduleConverter::WriteJson(Newtonsoft.Json.JsonWriter,System.Object,Newtonsoft.Json.JsonSerializer)
DA:31,0
DA:32,0
LF:13
LH:0
BRF:0
BRH:0
FNF:3
FNH:0
end_of_record